<?xml version="1.0" encoding="UTF-8"?>
<testsuite xmlns:xsi="http://www.w3.org/2001/XMLSchema-instance" xsi:noNamespaceSchemaLocation="https://maven.apache.org/surefire/maven-surefire-plugin/xsd/surefire-test-report.xsd" name="com.starsGroup.fixture.runners.CukesRunner" time="10.719" tests="4" errors="0" skipped="0" failures="1">
  <properties>
[...]
</properties>
  <testcase name="Store a new fixture" classname="Create fixture" time="7.144"/>
  <testcase name="Create and delete a fixture" classname="Delete fixture" time="1.122"/>
  <testcase name="Retrieve all fixtures" classname="Retrieve fixtures" time="0.037">
    <failure message="expected:&lt;3&gt; but was:&lt;14&gt;" type="java.lang.AssertionError"><![CDATA[java.lang.AssertionError: expected:<3> but was:<14>
]]></failure>
  </testcase>
  <testcase name="Retrieve fixture by handling the latency" classname="Retrieve fixtures" time="2.074"/>
</testsuite>